<?xml version="1.0" encoding="UTF-8"?>
<!-- Generated by org.testng.reporters.JUnitXMLReporter -->
<testsuite ignored="0" hostname="Sumit-PC" failures="0" tests="23" name="Default test" time="41.921" errors="0" timestamp="2021-07-31T15:54:28 EDT">
  <testcase classname="HW4.HW4Class11" name="openurl" time="1.684"/>
  <testcase classname="HW4.HW4Class11" name="signin" time="1.256"/>
  <testcase classname="HW4.HW4Class11" name="enteremailaddress" time="0.29"/>
  <testcase classname="HW4.HW4Class11" name="clicksubmit" time="0.082"/>
  <testcase classname="HW4.HW4Class11" name="personalinfo" time="2.106"/>
  <testcase classname="HW4.HW4Class11" name="selectMr" time="0.156"/>
  <testcase classname="HW4.HW4Class11" name="firstName" time="0.155"/>
  <testcase classname="HW4.HW4Class11" name="lastName" time="0.142"/>
  <testcase classname="HW4.HW4Class11" name="Password" time="0.118"/>
  <testcase classname="HW4.HW4Class11" name="selectdays" time="10.811"/>
  <testcase classname="HW4.HW4Class11" name="selectmonths" time="10.471"/>
  <testcase classname="HW4.HW4Class11" name="selectYears" time="10.457"/>
  <testcase classname="HW4.HW4Class11" name="selectsignupnewsletter" time="0.151"/>
  <testcase classname="HW4.HW4Class11" name="selectspecialoffer" time="0.126"/>
  <testcase classname="HW4.HW4Class11" name="Companyname" time="0.171"/>
  <testcase classname="HW4.HW4Class11" name="Address" time="0.173"/>
  <testcase classname="HW4.HW4Class11" name="City" time="0.165"/>
  <testcase classname="HW4.HW4Class11" name="State" time="1.04"/>
  <testcase classname="HW4.HW4Class11" name="ZipCode" time="0.144"/>
  <testcase classname="HW4.HW4Class11" name="Additionalinfo" time="0.11"/>
  <testcase classname="HW4.HW4Class11" name="PhoneNumber" time="0.106"/>
  <testcase classname="HW4.HW4Class11" name="MobileNumber" time="0.105"/>
  <testcase classname="HW4.HW4Class11" name="Assignanaddressforfuturereference" time="0.217"/>
</testsuite> <!-- Default test -->
